\BOOKMARK [1][-]{table.caption.1}{Certificate}{}% 1
\BOOKMARK [1][-]{table.caption.4}{Sponsership Certificate}{}% 2
\BOOKMARK [1][-]{section*.5}{Acknowledgement}{}% 3
\BOOKMARK [1][-]{section*.9}{Abstract}{}% 4
\BOOKMARK [1][-]{section*.12}{Contents}{}% 5
\BOOKMARK [1][-]{section*.14}{List of Figures}{}% 6
\BOOKMARK [1][-]{section*.15}{List of Tables}{}% 7
\BOOKMARK [1][-]{section*.15}{Abbreviations}{}% 8
\BOOKMARK [1][-]{section.1}{Introduction}{}% 9
\BOOKMARK [2][-]{subsection.1.1}{Overview}{section.1}% 10
\BOOKMARK [2][-]{subsection.1.2}{Motivation}{section.1}% 11
\BOOKMARK [2][-]{subsection.1.3}{Problem Definition and Objectives }{section.1}% 12
\BOOKMARK [2][-]{subsection.1.4}{Project Scope \046 Limitations }{section.1}% 13
\BOOKMARK [2][-]{subsection.1.5}{Methodologies of Problem Solving }{section.1}% 14
\BOOKMARK [1][-]{section.2}{Literature Review}{}% 15
\BOOKMARK [1][-]{section.3}{Software Requirement Specifications}{}% 16
\BOOKMARK [2][-]{subsection.3.1}{Purpose}{section.3}% 17
\BOOKMARK [2][-]{subsection.3.2}{Requirements Specification}{section.3}% 18
\BOOKMARK [3][-]{subsubsection.3.2.1}{HARDWARE REQUIREMENTS}{subsection.3.2}% 19
\BOOKMARK [2][-]{subsection.3.3}{SOFTWARE REQUIREMENTS}{section.3}% 20
\BOOKMARK [3][-]{subsubsection.3.3.1}{FUNCTIONAL REQUIREMENTS}{subsection.3.3}% 21
\BOOKMARK [3][-]{subsubsection.3.3.2}{NONFUNCTIONAL REQUIREMENTS}{subsection.3.3}% 22
\BOOKMARK [3][-]{subsubsection.3.3.3}{PERFORMANCE REQUIREMENTS}{subsection.3.3}% 23
\BOOKMARK [3][-]{subsubsection.3.3.4}{Feasibility Study}{subsection.3.3}% 24
\BOOKMARK [3][-]{subsubsection.3.3.5}{Technical Feasibility}{subsection.3.3}% 25
\BOOKMARK [3][-]{subsubsection.3.3.6}{Operational Feasibility}{subsection.3.3}% 26
\BOOKMARK [3][-]{subsubsection.3.3.7}{Operational Feasibility}{subsection.3.3}% 27
\BOOKMARK [3][-]{subsubsection.3.3.8}{Economic Feasibility}{subsection.3.3}% 28
\BOOKMARK [2][-]{subsection.3.4}{Assumption}{section.3}% 29
\BOOKMARK [2][-]{subsection.3.5}{Constraints}{section.3}% 30
\BOOKMARK [2][-]{subsection.3.6}{Usability}{section.3}% 31
\BOOKMARK [1][-]{section.4}{System Design}{}% 32
\BOOKMARK [2][-]{subsection.4.1}{System Architecture}{section.4}% 33
\BOOKMARK [2][-]{subsection.4.2}{Mathematical Model}{section.4}% 34
\BOOKMARK [2][-]{subsection.4.3}{Data Flow Diagram}{section.4}% 35
\BOOKMARK [2][-]{subsection.4.4}{UML Diagrams}{section.4}% 36
\BOOKMARK [3][-]{subsubsection.4.4.1}{Use Case Diagram}{subsection.4.4}% 37
\BOOKMARK [3][-]{subsubsection.4.4.2}{Class Diagram}{subsection.4.4}% 38
\BOOKMARK [3][-]{subsubsection.4.4.3}{Activity Diagram}{subsection.4.4}% 39
\BOOKMARK [3][-]{subsubsection.4.4.4}{Sequence Diagram}{subsection.4.4}% 40
\BOOKMARK [3][-]{subsubsection.4.4.5}{State Chart}{subsection.4.4}% 41
\BOOKMARK [3][-]{subsubsection.4.4.6}{Component Diagram}{subsection.4.4}% 42
\BOOKMARK [2][-]{subsection.4.5}{Algorithmic Strategy}{section.4}% 43
\BOOKMARK [2][-]{subsection.4.6}{Time Complexity of Proposed System}{section.4}% 44
\BOOKMARK [1][-]{section.5}{Project Plan}{}% 45
\BOOKMARK [2][-]{subsection.5.1}{Project Estimate}{section.5}% 46
\BOOKMARK [3][-]{subsubsection.5.1.1}{Reconciled Estimates}{subsection.5.1}% 47
\BOOKMARK [3][-]{subsubsection.5.1.2}{Cost Estimate}{subsection.5.1}% 48
\BOOKMARK [3][-]{subsubsection.5.1.3}{Time Estimates}{subsection.5.1}% 49
\BOOKMARK [3][-]{subsubsection.5.1.4}{Man Month Utilization:}{subsection.5.1}% 50
\BOOKMARK [3][-]{subsubsection.5.1.5}{Project Resources}{subsection.5.1}% 51
\BOOKMARK [2][-]{subsection.5.2}{Risk Management}{section.5}% 52
\BOOKMARK [3][-]{subsubsection.5.2.1}{Risk Identification}{subsection.5.2}% 53
\BOOKMARK [3][-]{subsubsection.5.2.2}{Risk Analysis}{subsection.5.2}% 54
\BOOKMARK [2][-]{subsection.5.3}{Overview of Risk Mitigation ,Monitoring,Management}{section.5}% 55
\BOOKMARK [2][-]{subsection.5.4}{Project Schedule}{section.5}% 56
\BOOKMARK [3][-]{subsubsection.5.4.1}{Project Task Set}{subsection.5.4}% 57
\BOOKMARK [2][-]{subsection.5.5}{Task network}{section.5}% 58
\BOOKMARK [3][-]{subsubsection.5.5.1}{Time line Chart}{subsection.5.5}% 59
\BOOKMARK [2][-]{subsection.5.6}{Team Organization}{section.5}% 60
\BOOKMARK [3][-]{subsubsection.5.6.1}{Team Structure}{subsection.5.6}% 61
\BOOKMARK [3][-]{subsubsection.5.6.2}{Management reporting and communication}{subsection.5.6}% 62
\BOOKMARK [1][-]{section.6}{Project Implementation}{}% 63
\BOOKMARK [2][-]{subsection.6.1}{Overview of Project Modules}{section.6}% 64
\BOOKMARK [2][-]{subsection.6.2}{Tools and Technologies Used }{section.6}% 65
\BOOKMARK [2][-]{subsection.6.3}{Algorithmic Details}{section.6}% 66
\BOOKMARK [3][-]{subsubsection.6.3.1}{Algorithm 1: }{subsection.6.3}% 67
\BOOKMARK [3][-]{subsubsection.6.3.2}{Algorithm 2: K-Means }{subsection.6.3}% 68
\BOOKMARK [1][-]{section.7}{Software Testing}{}% 69
\BOOKMARK [2][-]{subsection.7.1}{Types of Tasting}{section.7}% 70
\BOOKMARK [2][-]{subsection.7.2}{Test cases and Test Results}{section.7}% 71
\BOOKMARK [1][-]{section.8}{Results}{}% 72
\BOOKMARK [1][-]{section.9}{Conclusions}{}% 73
\BOOKMARK [2][-]{subsection.9.1}{Conclusions}{section.9}% 74
\BOOKMARK [2][-]{subsection.9.2}{Future Work}{section.9}% 75
\BOOKMARK [2][-]{subsection.9.3}{Applications}{section.9}% 76
\BOOKMARK [1][-]{section*.93}{Appendices}{}% 77
\BOOKMARK [1][-]{Appendix.1.A}{Appendix}{}% 78
\BOOKMARK [2][-]{subsection.1.A.1}{Appendix A }{Appendix.1.A}% 79
\BOOKMARK [1][-]{Appendix.1.B}{Appendix B}{}% 80
\BOOKMARK [2][-]{subsection.1.B.1}{I2CT Certificates}{Appendix.1.B}% 81
\BOOKMARK [2][-]{subsection.1.B.2}{I2CT Certificates}{Appendix.1.B}% 82
\BOOKMARK [1][-]{Appendix.1.C}{Appendix C}{}% 83
\BOOKMARK [2][-]{subsection.1.C.1}{Plagiarism Report }{Appendix.1.C}% 84
